[debug] [2024-06-19T08:27:17.732Z] ----------------------------------------------------------------------
[debug] [2024-06-19T08:27:17.735Z] Command:       C:\Program Files\nodejs\node.exe C:\Users\marco\AppData\Roaming\npm\node_modules\firebase-tools\lib\bin\firebase.js init
[debug] [2024-06-19T08:27:17.736Z] CLI Version:   13.11.2
[debug] [2024-06-19T08:27:17.737Z] Platform:      win32
[debug] [2024-06-19T08:27:17.737Z] Node Version:  v18.18.1
[debug] [2024-06-19T08:27:17.740Z] Time:          Wed Jun 19 2024 10:27:17 GMT+0200 (Central European Summer Time)
[debug] [2024-06-19T08:27:17.740Z] ----------------------------------------------------------------------
[debug] 
[debug] [2024-06-19T08:27:17.755Z] > command requires scopes: ["email","openid","https://www.googleapis.com/auth/cloudplatformprojects.readonly","https://www.googleapis.com/auth/firebase","https://www.googleapis.com/auth/cloud-platform"]
[debug] [2024-06-19T08:27:17.756Z] > authorizing via signed-in user (marcogalavic7@gmail.com)
[info] 
     ######## #### ########  ######## ########     ###     ######  ########
     ##        ##  ##     ## ##       ##     ##  ##   ##  ##       ##
     ######    ##  ########  ######   ########  #########  ######  ######
     ##        ##  ##    ##  ##       ##     ## ##     ##       ## ##
     ##       #### ##     ## ######## ########  ##     ##  ######  ########

You're about to initialize a Firebase project in this directory:

  C:\Users\marco\Documents\GitHub\Music_Central2

[debug] [2024-06-19T08:31:33.481Z] ----------------------------------------------------------------------
[debug] [2024-06-19T08:31:33.484Z] Command:       C:\Program Files\nodejs\node.exe C:\Users\marco\AppData\Roaming\npm\node_modules\firebase-tools\lib\bin\firebase.js init hosting
[debug] [2024-06-19T08:31:33.485Z] CLI Version:   13.11.2
[debug] [2024-06-19T08:31:33.486Z] Platform:      win32
[debug] [2024-06-19T08:31:33.486Z] Node Version:  v18.18.1
[debug] [2024-06-19T08:31:33.489Z] Time:          Wed Jun 19 2024 10:31:33 GMT+0200 (Central European Summer Time)
[debug] [2024-06-19T08:31:33.489Z] ----------------------------------------------------------------------
[debug] 
[debug] [2024-06-19T08:31:33.505Z] > command requires scopes: ["email","openid","https://www.googleapis.com/auth/cloudplatformprojects.readonly","https://www.googleapis.com/auth/firebase","https://www.googleapis.com/auth/cloud-platform"]
[debug] [2024-06-19T08:31:33.506Z] > authorizing via signed-in user (marcogalavic7@gmail.com)
[info] 
     ######## #### ########  ######## ########     ###     ######  ########
     ##        ##  ##     ## ##       ##     ##  ##   ##  ##       ##
     ######    ##  ########  ######   ########  #########  ######  ######
     ##        ##  ##    ##  ##       ##     ## ##     ##       ## ##
     ##       #### ##     ## ######## ########  ##     ##  ######  ########

You're about to initialize a Firebase project in this directory:

  C:\Users\marco\Documents\GitHub\Music_Central2

[info] 
=== Project Setup
[info] 
[info] First, let's associate this project directory with a Firebase project.
[info] You can create multiple project aliases by running firebase use --add, 
[info] but for now we'll just set up a default project.
[info] 
[debug] [2024-06-19T08:32:38.451Z] > refreshing access token with scopes: []
[debug] [2024-06-19T08:32:38.456Z] >>> [apiv2][query] POST https://www.googleapis.com/oauth2/v3/token [none]
[debug] [2024-06-19T08:32:38.456Z] >>> [apiv2][body] POST https://www.googleapis.com/oauth2/v3/token [omitted]
[debug] [2024-06-19T08:32:38.809Z] <<< [apiv2][status] POST https://www.googleapis.com/oauth2/v3/token 200
[debug] [2024-06-19T08:32:38.809Z] <<< [apiv2][body] POST https://www.googleapis.com/oauth2/v3/token [omitted]
[debug] [2024-06-19T08:32:38.835Z] >>> [apiv2][query] GET https://firebase.googleapis.com/v1beta1/projects pageSize=100
[debug] [2024-06-19T08:32:39.445Z] <<< [apiv2][status] GET https://firebase.googleapis.com/v1beta1/projects 200
[debug] [2024-06-19T08:32:39.445Z] <<< [apiv2][body] GET https://firebase.googleapis.com/v1beta1/projects [omitted]
[info] i  Using project music-central-bd2cd (Music Central) 
[info] 
=== Hosting Setup
[debug] [2024-06-19T08:32:42.387Z] >>> [apiv2][query] GET https://firebase.googleapis.com/v1beta1/projects/music-central-bd2cd [none]
[debug] [2024-06-19T08:32:42.819Z] <<< [apiv2][status] GET https://firebase.googleapis.com/v1beta1/projects/music-central-bd2cd 200
[debug] [2024-06-19T08:32:42.819Z] <<< [apiv2][body] GET https://firebase.googleapis.com/v1beta1/projects/music-central-bd2cd {"projectId":"music-central-bd2cd","projectNumber":"557724694647","displayName":"Music Central","name":"projects/music-central-bd2cd","resources":{"hostingSite":"music-central-bd2cd","storageBucket":"music-central-bd2cd.appspot.com","locationId":"europe-west"},"state":"ACTIVE","etag":"1_a8e70da5-2b5b-4053-b6dd-8c784892cc03"}
[info] 
[info] Your public directory is the folder (relative to your project directory) that
[info] will contain Hosting assets to be uploaded with firebase deploy. If you
[info] have a build process for your assets, use your build's output directory.
[info] 
[debug] [2024-06-19T08:34:33.332Z] >>> [apiv2][query] GET https://www.gstatic.com/firebasejs/releases.json [none]
[debug] [2024-06-19T08:34:33.542Z] <<< [apiv2][status] GET https://www.gstatic.com/firebasejs/releases.json 200
[debug] [2024-06-19T08:34:33.542Z] <<< [apiv2][body] GET https://www.gstatic.com/firebasejs/releases.json {"current":{"version":"10.12.2","browserURL":"https://www.gstatic.com/firebasejs/10.12.2/firebase.js","packageURL":"https://www.gstatic.com/firebasejs/10.12.2/firebase.tgz"},"live":{"version":"10.12","browserURL":"https://www.gstatic.com/firebasejs/live/10.12/firebase.js","packageURL":"https://www.gstatic.com/firebasejs/live/10.12/firebase.tgz"},"components":{"analytics":"https://www.gstatic.com/firebasejs/10.12.2/firebase-analytics.js","app":"https://www.gstatic.com/firebasejs/10.12.2/firebase-app.js","app-check":"https://www.gstatic.com/firebasejs/10.12.2/firebase-app-check.js","auth":"https://www.gstatic.com/firebasejs/10.12.2/firebase-auth.js","auth/cordova":"https://www.gstatic.com/firebasejs/10.12.2/firebase-auth/cordova.js","auth/web-extension":"https://www.gstatic.com/firebasejs/10.12.2/firebase-auth/web-extension.js","functions":"https://www.gstatic.com/firebasejs/10.12.2/firebase-functions.js","firestore":"https://www.gstatic.com/firebasejs/10.12.2/firebase-firestore.js","firestore/lite":"https://www.gstatic.com/firebasejs/10.12.2/firebase-firestore/lite.js","installations":"https://www.gstatic.com/firebasejs/10.12.2/firebase-installations.js","storage":"https://www.gstatic.com/firebasejs/10.12.2/firebase-storage.js","performance":"https://www.gstatic.com/firebasejs/10.12.2/firebase-performance.js","remote-config":"https://www.gstatic.com/firebasejs/10.12.2/firebase-remote-config.js","messaging":"https://www.gstatic.com/firebasejs/10.12.2/firebase-messaging.js","messaging/sw":"https://www.gstatic.com/firebasejs/10.12.2/firebase-messaging/sw.js","database":"https://www.gstatic.com/firebasejs/10.12.2/firebase-database.js","vertexai-preview":"https://www.gstatic.com/firebasejs/10.12.2/firebase-vertexai-preview.js","firestore.memory":"https://www.gstatic.com/firebasejs/10.12.2/firebase-firestore.memory.js"}}
[info] +  Wrote public/index.html 
[info] 
[info] i  Detected a .git folder at C:\Users\marco\Documents\GitHub\Music_Central2 
[info] i  Authorizing with GitHub to upload your service account to a GitHub repository's secrets store. 
[info] 
[info] Visit this URL on this device to log in:
[info] https://github.com/login/oauth/authorize?client_id=89cf50f02ac6aaed3484&state=69887355&redirect_uri=http%3A%2F%2Flocalhost%3A9005&scope=read%3Auser%20repo%20public_repo
[info] 
[info] Waiting for authentication...
[debug] [2024-06-19T08:34:56.430Z] >>> [apiv2][query] POST https://github.com/login/oauth/access_token [none]
[debug] [2024-06-19T08:34:56.430Z] >>> [apiv2][body] POST https://github.com/login/oauth/access_token [stream]
[debug] [2024-06-19T08:34:56.786Z] <<< [apiv2][status] POST https://github.com/login/oauth/access_token 200
[debug] [2024-06-19T08:34:56.786Z] <<< [apiv2][body] POST https://github.com/login/oauth/access_token {"access_token":"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","token_type":"bearer","scope":"read:user,repo"}
[debug] [2024-06-19T08:34:56.822Z] >>> [apiv2][query] GET https://api.github.com/user [none]
[debug] [2024-06-19T08:34:57.171Z] <<< [apiv2][status] GET https://api.github.com/user 200
[debug] [2024-06-19T08:34:57.171Z] <<< [apiv2][body] GET https://api.github.com/user {"login":"Marko455","id":147241279,"node_id":"U_kgDOCMa5Pw","avatar_url":"https://avatars.githubusercontent.com/u/147241279?v=4","gravatar_id":"","url":"https://api.github.com/users/Marko455","html_url":"https://github.com/Marko455","followers_url":"https://api.github.com/users/Marko455/followers","following_url":"https://api.github.com/users/Marko455/following{/other_user}","gists_url":"https://api.github.com/users/Marko455/gists{/gist_id}","starred_url":"https://api.github.com/users/Marko455/starred{/owner}{/repo}","subscriptions_url":"https://api.github.com/users/Marko455/subscriptions","organizations_url":"https://api.github.com/users/Marko455/orgs","repos_url":"https://api.github.com/users/Marko455/repos","events_url":"https://api.github.com/users/Marko455/events{/privacy}","received_events_url":"https://api.github.com/users/Marko455/received_events","type":"User","site_admin":false,"name":"Marko Galavić","company":"School","blog":"","location":null,"email":null,"hireable":null,"bio":null,"twitter_username":null,"public_repos":4,"public_gists":0,"followers":0,"following":0,"created_at":"2023-10-07T09:05:50Z","updated_at":"2024-06-14T16:03:35Z","private_gists":0,"total_private_repos":0,"owned_private_repos":0,"disk_usage":36867,"collaborators":0,"two_factor_authentication":false,"plan":{"name":"free","space":976562499,"collaborators":0,"private_repos":10000}}
[info] 
[info] +  Success! Logged into GitHub as Marko455 
[info] 
